/home/fbanna/Desktop/GiaCom/Imad/GiaComMediaServer/routes/index.js:365
router.get('/newSeries',requiresLogin,isLoggedInUser,isAdmin)
                                                     ^

ReferenceError: isAdmin is not defined
    at Object.<anonymous> (/home/fbanna/Desktop/GiaCom/Imad/GiaComMediaServer/routes/index.js:365:54)
    at Module._compile (node:internal/modules/cjs/loader:1196:14)
    at Object.Module._extensions..js (node:internal/modules/cjs/loader:1250:10)
    at Module.load (node:internal/modules/cjs/loader:1074:32)
    at Function.Module._load (node:internal/modules/cjs/loader:909:12)
    at Module.require (node:internal/modules/cjs/loader:1098:19)
    at require (node:internal/modules/cjs/helpers:108:18)
    at Object.<anonymous> (/home/fbanna/Desktop/GiaCom/Imad/GiaComMediaServer/app.js:13:19)
    at Module._compile (node:internal/modules/cjs/loader:1196:14)
    at Object.Module._extensions..js (node:internal/modules/cjs/loader:1250:10)
    at Module.load (node:internal/modules/cjs/loader:1074:32)
    at Function.Module._load (node:internal/modules/cjs/loader:909:12)
    at Module.require (node:internal/modules/cjs/loader:1098:19)
    at require (node:internal/modules/cjs/helpers:108:18)
    at Object.<anonymous> (/home/fbanna/Desktop/GiaCom/Imad/GiaComMediaServer/bin/www:7:11)
    at Module._compile (node:internal/modules/cjs/loader:1196:14)
(node:10859) DeprecationWarning: collection.count is deprecated, and will be removed in a future version. Use Collection.countDocuments or Collection.estimatedDocumentCount instead
(Use `node --trace-deprecation ...` to show where the warning was created)
(node:23445) DeprecationWarning: collection.count is deprecated, and will be removed in a future version. Use Collection.countDocuments or Collection.estimatedDocumentCount instead
(Use `node --trace-deprecation ...` to show where the warning was created)
